<?xml version="1.0" encoding="UTF-8"?>
<!-- Generated by org.testng.reporters.JUnitXMLReporter -->
<testsuite ignored="0" hostname="Rohitha-Dell" failures="2" tests="13" name="Test" time="249.006" errors="0" timestamp="2024-09-11T10:07:20 MDT">
  <testcase classname="RC.Tests.SubmitOrder" name="checkIfTheProductsAreAvailable" time="12.511"/>
  <testcase classname="RC.Tests.SubmitOrder" name="submitOrder" time="24.015"/>
  <testcase classname="RC.Tests.SubmitOrder" name="submitOrder" time="21.606"/>
  <testcase classname="RC.Tests.CartTests" name="checkCartProductsSameAsFoundItems" time="14.26"/>
  <testcase classname="RC.Tests.CartTests" name="checkCartProductsSameAsFoundItems" time="13.074"/>
  <testcase classname="RC.Tests.CartTests" name="checkTotal" time="13.298">
    <skipped/>
  </testcase> <!-- checkTotal -->
  <testcase classname="RC.Tests.CartTests" name="checkTotal" time="17.837">
    <skipped/>
  </testcase> <!-- checkTotal -->
  <testcase classname="RC.Tests.CartTests" name="checkTotal" time="13.988">
    <failure type="java.lang.AssertionError" message="expected [263000] but found [-263000]">
      <![CDATA[java.lang.AssertionError: expected [263000] but found [-263000]
at RC.Tests.CartTests.checkTotal(CartTests.java:47)
at java.base/java.util.ArrayList.forEach(ArrayList.java:1596)
... Removed 32 stack frames]]>
    </failure>
  </testcase> <!-- checkTotal -->
  <testcase classname="RC.Tests.CartTests" name="checkTotal" time="12.704">
    <skipped/>
  </testcase> <!-- checkTotal -->
  <testcase classname="RC.Tests.CartTests" name="checkTotal" time="14.162">
    <skipped/>
  </testcase> <!-- checkTotal -->
  <testcase classname="RC.Tests.CartTests" name="checkTotal" time="14.109">
    <failure type="java.lang.AssertionError" message="expected [31500] but found [-31500]">
      <![CDATA[java.lang.AssertionError: expected [31500] but found [-31500]
at RC.Tests.CartTests.checkTotal(CartTests.java:47)
at java.base/java.util.ArrayList.forEach(ArrayList.java:1596)
... Removed 32 stack frames]]>
    </failure>
  </testcase> <!-- checkTotal -->
  <testcase classname="RC.Tests.CartTests" name="printProductsCost" time="19.573"/>
  <testcase classname="RC.Tests.CartTests" name="printProductsCost" time="15.859"/>
</testsuite> <!-- Test -->
