<!DOCTYPE html PUBLIC "-//W3C//DTD XHTML 1.1//EN" "https://www.w3.org/TR/xhtml11/DTD/xhtml11.dtd">
<html xmlns="https://www.w3.org/1999/xhtml">
<head>
<meta http-equiv="content-type" content="text/html; charset=UTF-8"/>
<title>TestNG Report</title>
<style type="text/css">table {margin-bottom:10px;border-collapse:collapse;empty-cells:show}th,td {border:1px solid #009;padding:.25em .5em}th {vertical-align:bottom}td {vertical-align:top}table a {font-weight:bold}.stripe td {background-color: #E6EBF9}.num {text-align:right}.passedodd td {background-color: #3F3}.passedeven td {background-color: #0A0}.skippedodd td {background-color: #DDD}.skippedeven td {background-color: #CCC}.failedodd td,.attn {background-color: #F33}.failedeven td,.stripe .attn {background-color: #D00}.stacktrace {white-space:pre;font-family:monospace}.totop {font-size:85%;text-align:center;border-bottom:2px solid #000}.invisible {display:none}</style>
</head>
<body>
<table>
<tr><th>Test</th><th># Passed</th><th># Skipped</th><th># Retried</th><th># Failed</th><th>Time (ms)</th><th>Included Groups</th><th>Excluded Groups</th></tr>
<tr><th colspan="8">Surefire suite</th></tr>
<tr><td><a href="#t0">Surefire test</a></td><td class="num">4</td><td class="num">0</td><td class="num attn">4</td><td class="num attn">2</td><td class="num">174,818</td><td></td><td></td></tr>
</table>
<table id='summary'><thead><tr><th>Class</th><th>Method</th><th>Start</th><th>Time (ms)</th></tr></thead><tbody><tr><th colspan="4">Surefire suite</th></tr></tbody><tbody id="t0"><tr><th colspan="4">Surefire test &#8212; failed</th></tr><tr class="failedeven"><td rowspan="2">RC.Tests.CartTests</td><td><a href="#m0">checkTotal</a></td><td rowspan="2">1726073675252</td><td rowspan="2">11809</td></tr><tr class="failedeven"><td><a href="#m1">checkTotal</a></td></tr><tr><th colspan="4">Surefire test &#8212; retried</th></tr><tr class="retriedeven"><td rowspan="4">RC.Tests.CartTests</td><td><a href="#m2">checkTotal</a></td><td rowspan="4">1726073689922</td><td rowspan="4">11270</td></tr><tr class="retriedeven"><td><a href="#m3">checkTotal</a></td></tr><tr class="retriedeven"><td><a href="#m4">checkTotal</a></td></tr><tr class="retriedeven"><td><a href="#m5">checkTotal</a></td></tr><tr><th colspan="4">Surefire test &#8212; passed</th></tr><tr class="passedeven"><td rowspan="4">RC.Tests.CartTests</td><td><a href="#m6">checkCartProductsSameAsFoundItems</a></td><td rowspan="2">1726073606950</td><td rowspan="2">14168</td></tr><tr class="passedeven"><td><a href="#m7">checkCartProductsSameAsFoundItems</a></td></tr><tr class="passedeven"><td><a href="#m8">printProductsCost</a></td><td rowspan="2">1726073756365</td><td rowspan="2">16938</td></tr><tr class="passedeven"><td><a href="#m9">printProductsCost</a></td></tr></tbody>
</table>
<h2>Surefire test</h2><h3 id="m0">RC.Tests.CartTests#checkTotal</h3><table class="result"><tr class="param"><th>Parameter #1</th></tr><tr class="param stripe"><td>{searchWords=[ZARA COAT 3, IPHONE 13 PRO], password=Rohitha@26, userId=rohitha03@gmail.com}</td></tr><tr><th>Exception</th></tr><tr><td><div class="stacktrace">java.lang.AssertionError: expected [263000] but found [-263000]
	at RC.Tests.CartTests.checkTotal(CartTests.java:47)
	at java.base/java.util.ArrayList.forEach(ArrayList.java:1511)
... Removed 39 stack frames</div></td></tr></table><p class="totop"><a href="#summary">back to summary</a></p>
<h3 id="m1">RC.Tests.CartTests#checkTotal</h3><table class="result"><tr class="param"><th>Parameter #1</th></tr><tr class="param stripe"><td>{searchWords=[ZARA COAT 3], password=Rohitha@26, userId=rohitha03@gmail.com}</td></tr><tr><th>Exception</th></tr><tr><td><div class="stacktrace">java.lang.AssertionError: expected [31500] but found [-31500]
	at RC.Tests.CartTests.checkTotal(CartTests.java:47)
	at java.base/java.util.ArrayList.forEach(ArrayList.java:1511)
... Removed 39 stack frames</div></td></tr></table><p class="totop"><a href="#summary">back to summary</a></p>
<h3 id="m2">RC.Tests.CartTests#checkTotal</h3><table class="result"><tr class="param"><th>Parameter #1</th></tr><tr class="param stripe"><td>{searchWords=[ZARA COAT 3], password=Rohitha@26, userId=rohitha03@gmail.com}</td></tr><tr><th>Exception</th></tr><tr><td><div class="stacktrace">java.lang.AssertionError: expected [31500] but found [-31500]
	at RC.Tests.CartTests.checkTotal(CartTests.java:47)
	at java.base/java.util.ArrayList.forEach(ArrayList.java:1511)
... Removed 39 stack frames</div></td></tr></table><p class="totop"><a href="#summary">back to summary</a></p>
<h3 id="m3">RC.Tests.CartTests#checkTotal</h3><table class="result"><tr class="param"><th>Parameter #1</th></tr><tr class="param stripe"><td>{searchWords=[ZARA COAT 3], password=Rohitha@26, userId=rohitha03@gmail.com}</td></tr><tr><th>Exception</th></tr><tr><td><div class="stacktrace">java.lang.AssertionError: expected [31500] but found [-31500]
	at RC.Tests.CartTests.checkTotal(CartTests.java:47)
	at java.base/java.util.ArrayList.forEach(ArrayList.java:1511)
... Removed 39 stack frames</div></td></tr></table><p class="totop"><a href="#summary">back to summary</a></p>
<h3 id="m4">RC.Tests.CartTests#checkTotal</h3><table class="result"><tr class="param"><th>Parameter #1</th></tr><tr class="param stripe"><td>{searchWords=[ZARA COAT 3, IPHONE 13 PRO], password=Rohitha@26, userId=rohitha03@gmail.com}</td></tr><tr><th>Exception</th></tr><tr><td><div class="stacktrace">java.lang.AssertionError: expected [263000] but found [-263000]
	at RC.Tests.CartTests.checkTotal(CartTests.java:47)
	at java.base/java.util.ArrayList.forEach(ArrayList.java:1511)
... Removed 39 stack frames</div></td></tr></table><p class="totop"><a href="#summary">back to summary</a></p>
<h3 id="m5">RC.Tests.CartTests#checkTotal</h3><table class="result"><tr class="param"><th>Parameter #1</th></tr><tr class="param stripe"><td>{searchWords=[ZARA COAT 3, IPHONE 13 PRO], password=Rohitha@26, userId=rohitha03@gmail.com}</td></tr><tr><th>Exception</th></tr><tr><td><div class="stacktrace">java.lang.AssertionError: expected [263000] but found [-263000]
	at RC.Tests.CartTests.checkTotal(CartTests.java:47)
	at java.base/java.util.ArrayList.forEach(ArrayList.java:1511)
... Removed 39 stack frames</div></td></tr></table><p class="totop"><a href="#summary">back to summary</a></p>
<h3 id="m6">RC.Tests.CartTests#checkCartProductsSameAsFoundItems</h3><table class="result"><tr class="param"><th>Parameter #1</th></tr><tr class="param stripe"><td>{searchWords=[ZARA COAT 3, IPHONE 13 PRO], password=Rohitha@26, userId=rohitha03@gmail.com}</td></tr></table><p class="totop"><a href="#summary">back to summary</a></p>
<h3 id="m7">RC.Tests.CartTests#checkCartProductsSameAsFoundItems</h3><table class="result"><tr class="param"><th>Parameter #1</th></tr><tr class="param stripe"><td>{searchWords=[ZARA COAT 3], password=Rohitha@26, userId=rohitha03@gmail.com}</td></tr></table><p class="totop"><a href="#summary">back to summary</a></p>
<h3 id="m8">RC.Tests.CartTests#printProductsCost</h3><table class="result"><tr class="param"><th>Parameter #1</th></tr><tr class="param stripe"><td>{searchWords=[ZARA COAT 3], password=Rohitha@26, userId=rohitha03@gmail.com}</td></tr></table><p class="totop"><a href="#summary">back to summary</a></p>
<h3 id="m9">RC.Tests.CartTests#printProductsCost</h3><table class="result"><tr class="param"><th>Parameter #1</th></tr><tr class="param stripe"><td>{searchWords=[ZARA COAT 3, IPHONE 13 PRO], password=Rohitha@26, userId=rohitha03@gmail.com}</td></tr></table><p class="totop"><a href="#summary">back to summary</a></p>
</body>
</html>
